  Cleaning EventSystemEditor Binaries...
  Using 'git status' to determine working set for adaptive non-unity build.
  Using 'git status' to determine working set for adaptive non-unity build.
  Creating makefile for EventSystemEditor (no existing makefile)
  Performing full C++ include scan (no include cache file)
  Using Visual Studio 2017 14.15.26726 toolchain (D:\Program Files (x86)\Microsoft Visual Studio\2017\Community\VC\Tools\MSVC\14.15.26726) and Windows 10.0.17134.0 SDK (D:\Program Files (x86)\Windows Kits\10).
  Parsing headers for EventSystemEditor
    Running UnrealHeaderTool "E:\Projects\eventsystemunreal\EventSystem\EventSystem.uproject" "E:\Projects\eventsystemunreal\EventSystem\Intermediate\Build\Win64\EventSystemEditor\Development\EventSystemEditor.uhtmanifest" -LogCmds="loginit warning, logexit warning, logdatabase error" -Unattended -WarningsAsErrors -installed
  Reflection code generated for EventSystemEditor in 8.5453728 seconds
  Deleting old hot reload file: "E:\Projects\eventsystemunreal\EventSystem\Binaries\Win64\UE4Editor-EventSystem-8081.dll".
  Deleting old hot reload file: "E:\Projects\eventsystemunreal\EventSystem\Binaries\Win64\UE4Editor-EventSystem-8081.pdb".
  Building 14 actions with 8 processes...
    [1/14] PCLaunch.rc
    [2/14] SharedPCH.UnrealEd.cpp
    [3/14] EventSystem.init.gen.cpp
    [4/14] ObsEventFactory.cpp
    [5/14] ObsListener.cpp
    [6/14] ObsEvent.cpp
    [7/14] ObsEventFactory.gen.cpp
    [8/14] ObsEvent.gen.cpp
    [9/14] EventSystem.cpp
    [10/14] ObsListener.gen.cpp
    [11/14] EventSystemGameModeBase.cpp
    [12/14] EventSystemGameModeBase.gen.cpp
    [13/14] UE4Editor-EventSystem.lib
       Creating library E:\Projects\eventsystemunreal\EventSystem\Intermediate\Build\Win64\UE4Editor\Development\EventSystem\UE4Editor-EventSystem.lib and object E:\Projects\eventsystemunreal\EventSystem\Intermediate\Build\Win64\UE4Editor\Development\EventSystem\UE4Editor-EventSystem.exp
    [14/14] UE4Editor-EventSystem.dll
       Creating library E:\Projects\eventsystemunreal\EventSystem\Intermediate\Build\Win64\UE4Editor\Development\EventSystem\UE4Editor-EventSystem.suppressed.lib and object E:\Projects\eventsystemunreal\EventSystem\Intermediate\Build\Win64\UE4Editor\Development\EventSystem\UE4Editor-EventSystem.suppressed.exp
  Deploying EventSystemEditor Win64 Development...
  Total build time: 38.05 seconds (Parallel executor: 25.07 seconds)
